c:\users\masam\onedrive\desktop\faks\oop2\sudoku\attempt3sudoku\sudoku\x64\debug\vc143.pdb
c:\users\masam\onedrive\desktop\faks\oop2\sudoku\attempt3sudoku\sudoku\x64\debug\vc143.idb
c:\users\masam\onedrive\desktop\faks\oop2\sudoku\attempt3sudoku\sudoku\x64\debug\sudokusolver.obj
c:\users\masam\onedrive\desktop\faks\oop2\sudoku\attempt3sudoku\sudoku\x64\debug\generatesudoku.obj
c:\users\masam\onedrive\desktop\faks\oop2\sudoku\attempt3sudoku\sudoku\x64\debug\main.obj
c:\users\masam\onedrive\desktop\faks\oop2\sudoku\attempt3sudoku\sudoku\x64\debug\sudokuvalidator.obj
c:\users\masam\onedrive\desktop\faks\oop2\sudoku\attempt3sudoku\sudoku\x64\debug\sudoku.obj
c:\users\masam\onedrive\desktop\faks\oop2\sudoku\attempt3sudoku\sudoku\x64\debug\filemanagersudoku.obj
c:\users\masam\onedrive\desktop\faks\oop2\sudoku\attempt3sudoku\sudoku\x64\debug\validatetest.obj
c:\users\masam\onedrive\desktop\faks\oop2\sudoku\attempt3sudoku\sudoku\x64\debug\sudoku.exe
c:\users\masam\onedrive\desktop\faks\oop2\sudoku\attempt3sudoku\sudoku\x64\debug\sudoku.ilk
c:\users\masam\onedrive\desktop\faks\oop2\sudoku\attempt3sudoku\sudoku\x64\debug\sudoku.pdb
c:\users\masam\onedrive\desktop\faks\oop2\sudoku\attempt3sudoku\sudoku\x64\debug\filemanagersudoku.obj.enc
c:\users\masam\onedrive\desktop\faks\oop2\sudoku\attempt3sudoku\sudoku\x64\debug\sudoku.tlog\cl.command.1.tlog
c:\users\masam\onedrive\desktop\faks\oop2\sudoku\attempt3sudoku\sudoku\x64\debug\sudoku.tlog\cl.items.tlog
c:\users\masam\onedrive\desktop\faks\oop2\sudoku\attempt3sudoku\sudoku\x64\debug\sudoku.tlog\cl.read.1.tlog
c:\users\masam\onedrive\desktop\faks\oop2\sudoku\attempt3sudoku\sudoku\x64\debug\sudoku.tlog\cl.write.1.tlog
c:\users\masam\onedrive\desktop\faks\oop2\sudoku\attempt3sudoku\sudoku\x64\debug\sudoku.tlog\link.command.1.tlog
c:\users\masam\onedrive\desktop\faks\oop2\sudoku\attempt3sudoku\sudoku\x64\debug\sudoku.tlog\link.read.1.tlog
c:\users\masam\onedrive\desktop\faks\oop2\sudoku\attempt3sudoku\sudoku\x64\debug\sudoku.tlog\link.write.1.tlog
